生成启动时间为 2019-04-01 20:42:53。
     1>项目“C:\Users\black\Desktop\MFC测试\MFC测试\MFC测试.vcxproj”在节点 2 上(Rebuild 个目标)。
     1>ClCompile:
         D:\VS2012\main\VC\bin\CL.exe /c /ZI /nologo /W3 /WX- /Od /Oy- /D WIN32 /D _WINDOWS /D _DEBUG /D _UNICODE /D UNICODE /Gm /EHsc /RTC1 /MTd /GS /fp:precise /Zc:wchar_t /Zc:forScope /Yc"stdafx.h" /Fp"Debug\MFC测试.pch" /Fo"Debug\\" /Fd"Debug\vc110.pdb" /Gd /TP /analyze- /errorReport:prompt stdafx.cpp
         stdafx.cpp
         D:\VS2012\main\VC\bin\CL.exe /c /ZI /nologo /W3 /WX- /Od /Oy- /D WIN32 /D _WINDOWS /D _DEBUG /D _UNICODE /D UNICODE /Gm /EHsc /RTC1 /MTd /GS /fp:precise /Zc:wchar_t /Zc:forScope /Yu"stdafx.h" /Fp"Debug\MFC测试.pch" /Fo"Debug\\" /Fd"Debug\vc110.pdb" /Gd /TP /analyze- /errorReport:prompt "MFC测试.cpp" "MFC测试Dlg.cpp"
         MFC测试Dlg.cpp
         MFC测试.cpp
         正在生成代码...
       ResourceCompile:
         C:\Program Files (x86)\Windows Kits\8.0\bin\x86\rc.exe /D _DEBUG /D _UNICODE /D UNICODE /l"0x0804" /IDebug\ /nologo /fo"Debug\MFC测试.res" "MFC测试.rc" 
       Link:
         D:\VS2012\main\VC\bin\link.exe /ERRORREPORT:PROMPT /OUT:"C:\Users\black\Desktop\MFC测试\Debug\MFC测试.exe" /INCREMENTAL /NOLOGO opencv_ts300.lib opencv_ts300d.lib opencv_world300.lib opencv_world300d.lib /MANIFEST /MANIFESTUAC:"level='asInvoker' uiAccess='false'" /manifest:embed /manifestinput:D:\VS2012\main\VC\Include\Manifest\dpiaware.manifest /DEBUG /PDB:"C:\Users\black\Desktop\MFC测试\Debug\MFC测试.pdb" /SUBSYSTEM:WINDOWS /TLBID:1 /ENTRY:"wWinMainCRTStartup" /DYNAMICBASE /NXCOMPAT /IMPLIB:"C:\Users\black\Desktop\MFC测试\Debug\MFC测试.lib" /MACHINE:X86 "Debug\MFC测试.res"
         "Debug\MFC测试.obj"
         "Debug\MFC测试Dlg.obj"
         Debug\stdafx.obj
     1>MFC测试Dlg.obj : error LNK2001: 无法解析的外部符号 "public: void __thiscall CMFC测试Dlg::OnIpnFieldchangedIpaddress1(struct tagNMHDR *,long *)" (?OnIpnFieldchangedIpaddress1@CMFC测试Dlg@@QAEXPAUtagNMHDR@@PAJ@Z)
     1>C:\Users\black\Desktop\MFC测试\Debug\MFC测试.exe : fatal error LNK1120: 1 个无法解析的外部命令
     1>已完成生成项目“C:\Users\black\Desktop\MFC测试\MFC测试\MFC测试.vcxproj”(Rebuild 个目标)的操作 - 失败。

生成失败。

已用时间 00:00:04.78
